{
  "RSpec": {
    "coverage": {
      "/Users/kenng/ruby/rails/to_do/spec/features/add_list_pages_spec.rb": [
        1,
        null,
        1,
        1,
        1,
        1,
        1,
        1,
        1,
        null,
        null,
        1,
        1,
        1,
        1,
        null,
        null
      ],
      "/Users/kenng/ruby/rails/to_do/spec/rails_helper.rb": [
        null,
        1,
        1,
        null,
        1,
        1,
        1,
        1,
        null,
        null,
        null,
        null,
        null,
        null,
        null,
        null,
        null,
        null,
        null,
        null,
        null,
        null,
        null,
        null,
        null,
        null,
        null,
        null,
        1,
        null,
        1,
        null,
        1,
        null,
        null,
        null,
        null,
        1,
        null,
        null,
        null,
        null,
        null,
        null,
        null,
        null,
        null,
        null,
        null,
        null,
        null,
        null,
        1,
        null,
        null,
        1,
        null,
        null,
        null,
        1,
        1,
        1,
        1,
        null,
        null,
        null
      ],
      "/Users/kenng/ruby/rails/to_do/config/environment.rb": [
        null,
        1,
        null,
        null,
        1
      ],
      "/Users/kenng/ruby/rails/to_do/config/application.rb": [
        1,
        null,
        1,
        null,
        1,
        1,
        1,
        1,
        1,
        1,
        1,
        1,
        null,
        null,
        null,
        null,
        1,
        null,
        1,
        1,
        null,
        null,
        null,
        null,
        null
      ],
      "/Users/kenng/ruby/rails/to_do/config/boot.rb": [
        1,
        null,
        1
      ],
      "/Users/kenng/ruby/rails/to_do/config/environments/test.rb": [
        1,
        null,
        1,
        null,
        null,
        null,
        null,
        null,
        null,
        null,
        1,
        null,
        null,
        null,
        null,
        1,
        null,
        null,
        1,
        1,
        null,
        null,
        null,
        null,
        1,
        1,
        null,
        null,
        1,
        null,
        null,
        1,
        1,
        null,
        null,
        null,
        null,
        1,
        null,
        null,
        1,
        null,
        null,
        null,
        null
      ],
      "/Users/kenng/ruby/rails/to_do/config/initializers/application_controller_renderer.rb": [
        null,
        null,
        null,
        null,
        null,
        null
      ],
      "/Users/kenng/ruby/rails/to_do/config/initializers/assets.rb": [
        null,
        null,
        null,
        1,
        null,
        null,
        null,
        null,
        null,
        null,
        null
      ],
      "/Users/kenng/ruby/rails/to_do/config/initializers/backtrace_silencers.rb": [
        null,
        null,
        null,
        null,
        null,
        null,
        null
      ],
      "/Users/kenng/ruby/rails/to_do/config/initializers/cookies_serializer.rb": [
        null,
        null,
        null,
        null,
        1
      ],
      "/Users/kenng/ruby/rails/to_do/config/initializers/filter_parameter_logging.rb": [
        null,
        null,
        null,
        1
      ],
      "/Users/kenng/ruby/rails/to_do/config/initializers/inflections.rb": [
        null,
        null,
        null,
        null,
        null,
        null,
        null,
        null,
        null,
        null,
        null,
        null,
        null,
        null,
        null,
        null
      ],
      "/Users/kenng/ruby/rails/to_do/config/initializers/mime_types.rb": [
        null,
        null,
        null,
        null
      ],
      "/Users/kenng/ruby/rails/to_do/config/initializers/new_framework_defaults.rb": [
        null,
        null,
        null,
        null,
        null,
        null,
        null,
        1,
        null,
        null,
        1,
        null,
        null,
        null,
        1,
        null,
        null,
        1,
        null,
        null,
        1,
        null,
        null,
        1
      ],
      "/Users/kenng/ruby/rails/to_do/config/initializers/session_store.rb": [
        null,
        null,
        1
      ],
      "/Users/kenng/ruby/rails/to_do/config/initializers/wrap_parameters.rb": [
        null,
        null,
        null,
        null,
        null,
        null,
        1,
        2,
        null,
        null,
        null,
        null,
        null,
        null
      ],
      "/Users/kenng/ruby/rails/to_do/spec/factories.rb": [
        1,
        1,
        1,
        null,
        null
      ],
      "/Users/kenng/ruby/rails/to_do/config/routes.rb": [
        1,
        1,
        null,
        1,
        1,
        null,
        null,
        null,
        null,
        null,
        null,
        null,
        1,
        1,
        null,
        null,
        null
      ],
      "/Users/kenng/ruby/rails/to_do/app/helpers/application_helper.rb": [
        1,
        null
      ],
      "/Users/kenng/ruby/rails/to_do/spec/features/edit_tasks_pages_spec.rb": [
        1,
        null,
        1,
        1,
        1,
        1,
        1,
        1,
        0,
        0,
        0,
        null,
        null,
        1,
        1,
        1,
        1,
        1,
        0,
        0,
        0,
        null,
        null
      ],
      "/Users/kenng/ruby/rails/to_do/spec/models/list_spec.rb": [
        1,
        null,
        1,
        2,
        2,
        null,
        null,
        1,
        1,
        1,
        1,
        null,
        null
      ],
      "/Users/kenng/ruby/rails/to_do/app/models/list.rb": [
        1,
        null,
        1,
        1,
        null,
        1,
        null,
        null,
        null,
        null,
        0,
        null,
        null,
        1,
        null,
        null
      ],
      "/Users/kenng/ruby/rails/to_do/spec/models/task_spec.rb": [
        1,
        null,
        1,
        2,
        2,
        null
      ],
      "/Users/kenng/ruby/rails/to_do/app/models/task.rb": [
        1,
        null,
        null,
        null,
        null,
        null,
        null,
        null,
        null,
        null,
        3,
        null,
        3,
        null,
        3,
        null,
        3,
        null,
        1,
        null,
        1,
        null
      ],
      "/Users/kenng/ruby/rails/to_do/app/controllers/lists_controller.rb": [
        1,
        null,
        1,
        2,
        2,
        1,
        1,
        null,
        1,
        null,
        null,
        null,
        null,
        1,
        1,
        1,
        null,
        null,
        1,
        3,
        3,
        3,
        null,
        null,
        1,
        2,
        2,
        null,
        null,
        1,
        0,
        0,
        null,
        null,
        null,
        null,
        1,
        0,
        0,
        0,
        null,
        0,
        null,
        null,
        null,
        1,
        0,
        0,
        0,
        null,
        null,
        1,
        1,
        2,
        null,
        null,
        null
      ],
      "/Users/kenng/ruby/rails/to_do/app/controllers/application_controller.rb": [
        1,
        1,
        null
      ]
    },
    "timestamp": 1493629609
  }
}
